-------------------------------------------------------------------------------
Test set: com.doctor.DoctorDemoApplicationTests
-------------------------------------------------------------------------------
Tests run: 1, Failures: 0, Errors: 1, Skipped: 0, Time elapsed: 26.344 s <<< FAILURE! - in com.doctor.DoctorDemoApplicationTests
contextLoads  Time elapsed: 0.009 s  <<< ERROR!
java.lang.IllegalStateException: Failed to load ApplicationContext
Caused by: org.springframework.beans.factory.UnsatisfiedDependencyException: Error creating bean with name 'myConfiguration': Unsatisfied dependency expressed through field 'sessionFactory'; nested exception is org.springframework.beans.factory.BeanCreationException: Error creating bean with name 'sessionFactory' defined in class path resource [com/doctor/configuration/MyConfiguration.class]: Invocation of init method failed; nested exception is org.hibernate.tool.schema.spi.SchemaManagementException: Unable to obtain JDBC Connection
Caused by: org.springframework.beans.factory.BeanCreationException: Error creating bean with name 'sessionFactory' defined in class path resource [com/doctor/configuration/MyConfiguration.class]: Invocation of init method failed; nested exception is org.hibernate.tool.schema.spi.SchemaManagementException: Unable to obtain JDBC Connection
Caused by: org.hibernate.tool.schema.spi.SchemaManagementException: Unable to obtain JDBC Connection
Caused by: com.mysql.cj.jdbc.exceptions.CommunicationsException: 
Communications link failure

The last packet sent successfully to the server was 0 milliseconds ago. The driver has not received any packets from the server.
Caused by: com.mysql.cj.exceptions.CJCommunicationsException: 
Communications link failure

The last packet sent successfully to the server was 0 milliseconds ago. The driver has not received any packets from the server.
Caused by: java.net.ConnectException: Connection refused: connect

